[2025-01-06T21:28:26.667Z] info  code-server 4.96.2 08cbdfbdf11925e8a14ee03de97b942bba7e8a94
[2025-01-06T21:28:26.675Z] info  Using user-data-dir /root/.local/share/code-server
[2025-01-06T21:28:26.727Z] info  Using config file /home/ubuntu/.config/code-server/config.yaml
[2025-01-06T21:28:26.727Z] info  HTTPS server listening on https://0.0.0.0/
[2025-01-06T21:28:26.727Z] info    - Authentication is enabled
[2025-01-06T21:28:26.727Z] info      - Using password from /home/ubuntu/.config/code-server/config.yaml
[2025-01-06T21:28:26.727Z] info    - Using certificate for HTTPS: /home/ubuntu/.config/code-server/selfsigned.crt
[2025-01-06T21:28:26.727Z] info  Session server listening on /root/.local/share/code-server/code-server-ipc.sock
[21:33:03] 




[21:33:03] Extension host agent started.
[21:33:03] Started initializing default profile extensions in extensions installation folder. file:///root/.local/share/code-server/extensions
[21:33:03] Completed initializing default profile extensions in extensions installation folder. file:///root/.local/share/code-server/extensions
Failed login attempt {"remoteAddress":"129.123.247.250","userAgent":"Mozilla/5.0 (Macintosh; Intel Mac OS X 10_15_7) AppleWebKit/537.36 (KHTML, like Gecko) Chrome/131.0.0.0 Safari/537.36","timestamp":1736199193}
File not found: /var/app/code-server/lib/vscode/node_modules/vsda/rust/web/vsda_bg.wasm
File not found: /var/app/code-server/lib/vscode/node_modules/vsda/rust/web/vsda.js
[21:34:37] [<unknown>][bcceddc6][ManagementConnection] New connection established.
[21:34:39] [<unknown>][bdb5caf3][ExtensionHostConnection] New connection established.
[21:34:40] [<unknown>][bdb5caf3][ExtensionHostConnection] <14281> Launched Extension Host Process.
Error: Unexpected SIGPIPE
    at process.<anonymous> (file:///var/app/code-server/lib/vscode/out/server-main.js:207:7980)
    at process.emit (node:events:530:35)
[21:34:40] Error: Unexpected SIGPIPE
    at process.<anonymous> (file:///var/app/code-server/lib/vscode/out/server-main.js:188:1327)
    at process.emit (node:events:530:35)
[21:35:20] Getting Manifest... ms-python.python
[21:35:21] Installing extension: ms-python.python {
  isMachineScoped: false,
  installPreReleaseVersion: false,
  pinned: false,
  installOnlyNewlyAddedFromExtensionPack: true,
  isApplicationScoped: false,
  profileLocation: wr {
    scheme: 'file',
    authority: '',
    path: '/root/.local/share/code-server/extensions/extensions.json',
    query: '',
    fragment: '',
    _formatted: 'file:///root/.local/share/code-server/extensions/extensions.json',
    _fsPath: '/root/.local/share/code-server/extensions/extensions.json'
  },
  productVersion: { version: '1.96.2', date: '2024-12-19T21:23:46.441Z' }
}
[21:35:21] Getting Manifest... ms-python.debugpy
[21:35:22] Installing extension: ms-python.debugpy {
  isMachineScoped: false,
  installPreReleaseVersion: false,
  pinned: false,
  installOnlyNewlyAddedFromExtensionPack: true,
  isApplicationScoped: false,
  profileLocation: wr {
    scheme: 'file',
    authority: '',
    path: '/root/.local/share/code-server/extensions/extensions.json',
    query: '',
    fragment: '',
    _formatted: 'file:///root/.local/share/code-server/extensions/extensions.json',
    _fsPath: '/root/.local/share/code-server/extensions/extensions.json'
  },
  productVersion: { version: '1.96.2', date: '2024-12-19T21:23:46.441Z' },
  context: { dependecyOrPackExtensionInstall: true }
}
[21:35:27] Could not load vsce-sign module Cannot find package '@vscode/vsce-sign' imported from /var/app/code-server/lib/vscode/out/server-main.js
[21:35:27] Extension signature verification is not done: ms-python.python
[21:35:28] Could not load vsce-sign module Cannot find package '@vscode/vsce-sign' imported from /var/app/code-server/lib/vscode/out/server-main.js
[21:35:28] Extension signature verification is not done: ms-python.debugpy
[21:35:29] Extracted extension to file:///root/.local/share/code-server/extensions/ms-python.debugpy-2024.14.0-linux-x64: ms-python.debugpy
[21:35:29] Renamed to /root/.local/share/code-server/extensions/ms-python.debugpy-2024.14.0-linux-x64
[21:35:30] Extracted extension to file:///root/.local/share/code-server/extensions/ms-python.python-2024.22.1-universal: ms-python.python
[21:35:30] Renamed to /root/.local/share/code-server/extensions/ms-python.python-2024.22.1-universal
[21:35:30] Extension installed successfully: ms-python.debugpy file:///root/.local/share/code-server/extensions/extensions.json
[21:35:30] Extension installed successfully: ms-python.python file:///root/.local/share/code-server/extensions/extensions.json
[21:41:11] [<unknown>][bcceddc6][ManagementConnection] The client has disconnected, will wait for reconnection 3h before disposing...
[21:41:12] [<unknown>][bcceddc6][ManagementConnection] Another client has connected, will shorten the wait for reconnection 5m before disposing...
[21:41:12] [<unknown>][bdb5caf3][ExtensionHostConnection] The client has reconnected.
[21:41:12] [<unknown>][bcceddc6][ManagementConnection] The client has reconnected.
[22:05:37] [<unknown>][bdb5caf3][ExtensionHostConnection] The client has reconnected.
[22:11:40] [<unknown>][bcceddc6][ManagementConnection] The client has disconnected, will wait for reconnection 3h before disposing...
[22:25:21] [<unknown>][bcceddc6][ManagementConnection] Another client has connected, will shorten the wait for reconnection 5m before disposing...
[22:25:21] [<unknown>][bdb5caf3][ExtensionHostConnection] The client has reconnected.
[22:25:23] [<unknown>][bcceddc6][ManagementConnection] The client has reconnected.
[22:41:34] [<unknown>][bcceddc6][ManagementConnection] The client has disconnected, will wait for reconnection 3h before disposing...
[22:50:42] [<unknown>][bcceddc6][ManagementConnection] Another client has connected, will shorten the wait for reconnection 5m before disposing...
[22:50:42] [<unknown>][bdb5caf3][ExtensionHostConnection] The client has reconnected.
[22:50:44] [<unknown>][bcceddc6][ManagementConnection] The client has reconnected.
[23:09:21] [<unknown>][bcceddc6][ManagementConnection] The client has disconnected, will wait for reconnection 3h before disposing...
[23:19:10] [<unknown>][bcceddc6][ManagementConnection] Another client has connected, will shorten the wait for reconnection 5m before disposing...
[23:19:10] [<unknown>][bdb5caf3][ExtensionHostConnection] The client has reconnected.
[23:19:11] [<unknown>][bcceddc6][ManagementConnection] The client has reconnected.
[23:35:55] [<unknown>][bcceddc6][ManagementConnection] The client has disconnected, will wait for reconnection 3h before disposing...
[23:36:56] [<unknown>][bcceddc6][ManagementConnection] Another client has connected, will shorten the wait for reconnection 5m before disposing...
[23:36:56] [<unknown>][bcceddc6][ManagementConnection] The client has reconnected.
[23:55:26] [<unknown>][bcceddc6][ManagementConnection] The client has disconnected, will wait for reconnection 3h before disposing...
[00:28:27] [<unknown>][bcceddc6][ManagementConnection] Another client has connected, will shorten the wait for reconnection 5m before disposing...
[00:28:27] [<unknown>][bcceddc6][ManagementConnection] The client has reconnected.
[00:33:28] [<unknown>][bdb5caf3][ExtensionHostConnection] <14281> Extension Host Process exited with code: 0, signal: null.
[00:41:09] [<unknown>][bdb5caf3][ExtensionHostConnection] Unknown reconnection token (seen before).
[01:02:00] [<unknown>][bcceddc6][ManagementConnection] The client has disconnected, will wait for reconnection 3h before disposing...
[01:04:57] [<unknown>][bcceddc6][ManagementConnection] Another client has connected, will shorten the wait for reconnection 5m before disposing...
[01:04:57] [<unknown>][bcceddc6][ManagementConnection] The client has reconnected.
[01:23:10] [<unknown>][bcceddc6][ManagementConnection] The client has disconnected, will wait for reconnection 3h before disposing...
[01:43:23] [<unknown>][bcceddc6][ManagementConnection] Another client has connected, will shorten the wait for reconnection 5m before disposing...
[01:43:23] [<unknown>][bcceddc6][ManagementConnection] The client has reconnected.
[02:18:27] [<unknown>][bcceddc6][ManagementConnection] The client has disconnected, will wait for reconnection 3h before disposing...
[02:44:24] [<unknown>][bcceddc6][ManagementConnection] Another client has connected, will shorten the wait for reconnection 5m before disposing...
[02:44:24] [<unknown>][bcceddc6][ManagementConnection] The client has reconnected.
[02:44:29] [<unknown>][bcceddc6][ManagementConnection] The client has disconnected, will wait for reconnection 3h before disposing...
[02:44:29] [<unknown>][bcceddc6][ManagementConnection] Another client has connected, will shorten the wait for reconnection 5m before disposing...
[02:44:29] [<unknown>][bcceddc6][ManagementConnection] The client has reconnected.
[03:00:55] [<unknown>][bcceddc6][ManagementConnection] The client has disconnected, will wait for reconnection 3h before disposing...
[03:30:06] [<unknown>][bcceddc6][ManagementConnection] Another client has connected, will shorten the wait for reconnection 5m before disposing...
[03:30:06] [<unknown>][bcceddc6][ManagementConnection] The client has reconnected.
[03:47:00] [<unknown>][bcceddc6][ManagementConnection] The client has disconnected, will wait for reconnection 3h before disposing...
[04:16:27] [<unknown>][bcceddc6][ManagementConnection] Another client has connected, will shorten the wait for reconnection 5m before disposing...
[04:16:27] [<unknown>][bcceddc6][ManagementConnection] The client has reconnected.
[04:32:44] [<unknown>][bcceddc6][ManagementConnection] The client has disconnected, will wait for reconnection 3h before disposing...
[04:46:17] [<unknown>][bcceddc6][ManagementConnection] Another client has connected, will shorten the wait for reconnection 5m before disposing...
[04:46:17] [<unknown>][bcceddc6][ManagementConnection] The client has reconnected.
[05:02:38] [<unknown>][bcceddc6][ManagementConnection] The client has disconnected, will wait for reconnection 3h before disposing...
[05:12:19] [<unknown>][bcceddc6][ManagementConnection] Another client has connected, will shorten the wait for reconnection 5m before disposing...
[05:12:19] [<unknown>][bcceddc6][ManagementConnection] The client has reconnected.
[05:28:43] [<unknown>][bcceddc6][ManagementConnection] The client has disconnected, will wait for reconnection 3h before disposing...
[05:48:52] [<unknown>][bcceddc6][ManagementConnection] Another client has connected, will shorten the wait for reconnection 5m before disposing...
[05:48:52] [<unknown>][bcceddc6][ManagementConnection] The client has reconnected.
[06:07:34] [<unknown>][bcceddc6][ManagementConnection] The client has disconnected, will wait for reconnection 3h before disposing...
[06:45:59] [<unknown>][bcceddc6][ManagementConnection] Another client has connected, will shorten the wait for reconnection 5m before disposing...
[06:45:59] [<unknown>][bcceddc6][ManagementConnection] The client has reconnected.
[07:15:00] [<unknown>][bcceddc6][ManagementConnection] The client has disconnected, will wait for reconnection 3h before disposing...
[09:30:26] [<unknown>][bcceddc6][ManagementConnection] Another client has connected, will shorten the wait for reconnection 5m before disposing...
[09:30:26] [<unknown>][bcceddc6][ManagementConnection] The client has reconnected.
[09:46:46] [<unknown>][bcceddc6][ManagementConnection] The client has disconnected, will wait for reconnection 3h before disposing...
[11:09:48] [<unknown>][bcceddc6][ManagementConnection] Another client has connected, will shorten the wait for reconnection 5m before disposing...
[11:09:48] [<unknown>][bcceddc6][ManagementConnection] The client has reconnected.
[11:26:30] [<unknown>][bcceddc6][ManagementConnection] The client has disconnected, will wait for reconnection 3h before disposing...
[12:00:58] [<unknown>][bcceddc6][ManagementConnection] Another client has connected, will shorten the wait for reconnection 5m before disposing...
[12:00:58] [<unknown>][bcceddc6][ManagementConnection] The client has reconnected.
[12:17:18] [<unknown>][bcceddc6][ManagementConnection] The client has disconnected, will wait for reconnection 3h before disposing...
[13:33:02] [<unknown>][bcceddc6][ManagementConnection] Another client has connected, will shorten the wait for reconnection 5m before disposing...
[13:33:02] [<unknown>][bcceddc6][ManagementConnection] The client has reconnected.
[13:49:39] [<unknown>][bcceddc6][ManagementConnection] The client has disconnected, will wait for reconnection 3h before disposing...
[15:15:34] [<unknown>][bcceddc6][ManagementConnection] Another client has connected, will shorten the wait for reconnection 5m before disposing...
[15:15:34] [<unknown>][bcceddc6][ManagementConnection] The client has reconnected.
[15:31:59] [<unknown>][bcceddc6][ManagementConnection] The client has disconnected, will wait for reconnection 3h before disposing...
[15:49:41] [<unknown>][bcceddc6][ManagementConnection] Another client has connected, will shorten the wait for reconnection 5m before disposing...
[15:49:41] [<unknown>][bcceddc6][ManagementConnection] The client has reconnected.
[16:08:14] [<unknown>][bcceddc6][ManagementConnection] The client has disconnected, will wait for reconnection 3h before disposing...
[16:13:43] [<unknown>][bcceddc6][ManagementConnection] Another client has connected, will shorten the wait for reconnection 5m before disposing...
[16:13:43] [<unknown>][bcceddc6][ManagementConnection] The client has reconnected.
[16:15:51] [<unknown>][bcceddc6][ManagementConnection] The client has disconnected, will wait for reconnection 3h before disposing...
[16:15:52] [<unknown>][bcceddc6][ManagementConnection] Another client has connected, will shorten the wait for reconnection 5m before disposing...
[16:15:52] [<unknown>][bcceddc6][ManagementConnection] The client has reconnected.
[16:33:46] [<unknown>][bcceddc6][ManagementConnection] The client has disconnected, will wait for reconnection 3h before disposing...
[16:45:43] [<unknown>][bcceddc6][ManagementConnection] Another client has connected, will shorten the wait for reconnection 5m before disposing...
[16:45:43] [<unknown>][bcceddc6][ManagementConnection] The client has reconnected.
[17:07:01] [<unknown>][bcceddc6][ManagementConnection] The client has disconnected, will wait for reconnection 3h before disposing...
[17:18:05] [<unknown>][bcceddc6][ManagementConnection] Another client has connected, will shorten the wait for reconnection 5m before disposing...
[17:18:05] [<unknown>][bcceddc6][ManagementConnection] The client has reconnected.
[18:06:20] [<unknown>][bcceddc6][ManagementConnection] The client has disconnected, will wait for reconnection 3h before disposing...
[18:14:46] [<unknown>][bcceddc6][ManagementConnection] Another client has connected, will shorten the wait for reconnection 5m before disposing...
[18:14:46] [<unknown>][bcceddc6][ManagementConnection] The client has reconnected.
[18:44:30] [<unknown>][bcceddc6][ManagementConnection] The client has disconnected, will wait for reconnection 3h before disposing...
[19:38:00] [<unknown>][bcceddc6][ManagementConnection] Another client has connected, will shorten the wait for reconnection 5m before disposing...
[19:38:00] [<unknown>][bcceddc6][ManagementConnection] The client has reconnected.
[20:01:06] [<unknown>][bcceddc6][ManagementConnection] The client has disconnected, will wait for reconnection 3h before disposing...
[20:29:27] [<unknown>][bcceddc6][ManagementConnection] Another client has connected, will shorten the wait for reconnection 5m before disposing...
[20:29:27] [<unknown>][bcceddc6][ManagementConnection] The client has reconnected.
[20:48:04] [<unknown>][bcceddc6][ManagementConnection] The client has disconnected, will wait for reconnection 3h before disposing...
[21:23:09] [<unknown>][bcceddc6][ManagementConnection] Another client has connected, will shorten the wait for reconnection 5m before disposing...
[21:23:09] [<unknown>][bcceddc6][ManagementConnection] The client has reconnected.
[21:39:53] [<unknown>][bcceddc6][ManagementConnection] The client has disconnected, will wait for reconnection 3h before disposing...
[22:34:43] [<unknown>][bcceddc6][ManagementConnection] Another client has connected, will shorten the wait for reconnection 5m before disposing...
[22:34:43] [<unknown>][bcceddc6][ManagementConnection] The client has reconnected.
[22:34:43] [<unknown>][bcceddc6][ManagementConnection] The client has disconnected, will wait for reconnection 3h before disposing...
[22:34:43] [<unknown>][bcceddc6][ManagementConnection] Another client has connected, will shorten the wait for reconnection 5m before disposing...
[22:34:43] [<unknown>][bcceddc6][ManagementConnection] The client has reconnected.
[22:51:42] [<unknown>][bcceddc6][ManagementConnection] The client has disconnected, will wait for reconnection 3h before disposing...
[23:33:08] [<unknown>][bcceddc6][ManagementConnection] Another client has connected, will shorten the wait for reconnection 5m before disposing...
[23:33:08] [<unknown>][bcceddc6][ManagementConnection] The client has reconnected.
[00:04:32] [<unknown>][bcceddc6][ManagementConnection] The client has disconnected, will wait for reconnection 3h before disposing...
[00:14:12] [<unknown>][bcceddc6][ManagementConnection] Another client has connected, will shorten the wait for reconnection 5m before disposing...
[00:14:12] [<unknown>][bcceddc6][ManagementConnection] The client has reconnected.
[00:30:49] [<unknown>][bcceddc6][ManagementConnection] The client has disconnected, will wait for reconnection 3h before disposing...
[00:42:48] [<unknown>][bcceddc6][ManagementConnection] Another client has connected, will shorten the wait for reconnection 5m before disposing...
[00:42:48] [<unknown>][bcceddc6][ManagementConnection] The client has reconnected.
[00:59:13] [<unknown>][bcceddc6][ManagementConnection] The client has disconnected, will wait for reconnection 3h before disposing...
[01:07:51] [<unknown>][bcceddc6][ManagementConnection] Another client has connected, will shorten the wait for reconnection 5m before disposing...
[01:07:51] [<unknown>][bcceddc6][ManagementConnection] The client has reconnected.
[01:24:57] [<unknown>][bcceddc6][ManagementConnection] The client has disconnected, will wait for reconnection 3h before disposing...
[01:54:56] [<unknown>][bcceddc6][ManagementConnection] Another client has connected, will shorten the wait for reconnection 5m before disposing...
[01:54:56] [<unknown>][bcceddc6][ManagementConnection] The client has reconnected.
[02:11:55] [<unknown>][bcceddc6][ManagementConnection] The client has disconnected, will wait for reconnection 3h before disposing...
[02:12:21] [<unknown>][bcceddc6][ManagementConnection] Another client has connected, will shorten the wait for reconnection 5m before disposing...
[02:12:21] [<unknown>][bcceddc6][ManagementConnection] The client has reconnected.
[02:28:43] [<unknown>][bcceddc6][ManagementConnection] The client has disconnected, will wait for reconnection 3h before disposing...
[02:31:44] [<unknown>][bcceddc6][ManagementConnection] Another client has connected, will shorten the wait for reconnection 5m before disposing...
[02:31:44] [<unknown>][bcceddc6][ManagementConnection] The client has reconnected.
[02:56:50] [<unknown>][bcceddc6][ManagementConnection] The client has disconnected, will wait for reconnection 3h before disposing...
[02:59:50] [<unknown>][bcceddc6][ManagementConnection] Another client has connected, will shorten the wait for reconnection 5m before disposing...
[02:59:50] [<unknown>][bcceddc6][ManagementConnection] The client has reconnected.
[03:17:19] [<unknown>][bcceddc6][ManagementConnection] The client has disconnected, will wait for reconnection 3h before disposing...
[04:02:13] [<unknown>][bcceddc6][ManagementConnection] Another client has connected, will shorten the wait for reconnection 5m before disposing...
[04:02:13] [<unknown>][bcceddc6][ManagementConnection] The client has reconnected.
[05:14:12] [<unknown>][bcceddc6][ManagementConnection] The client has disconnected, will wait for reconnection 3h before disposing...
[05:40:27] [<unknown>][bcceddc6][ManagementConnection] Another client has connected, will shorten the wait for reconnection 5m before disposing...
[05:40:27] [<unknown>][bcceddc6][ManagementConnection] The client has reconnected.
[05:59:07] [<unknown>][bcceddc6][ManagementConnection] The client has disconnected, will wait for reconnection 3h before disposing...
[07:25:44] [<unknown>][bcceddc6][ManagementConnection] Another client has connected, will shorten the wait for reconnection 5m before disposing...
[07:25:44] [<unknown>][bcceddc6][ManagementConnection] The client has reconnected.
[07:44:06] [<unknown>][bcceddc6][ManagementConnection] The client has disconnected, will wait for reconnection 3h before disposing...
[08:21:14] [<unknown>][bcceddc6][ManagementConnection] Another client has connected, will shorten the wait for reconnection 5m before disposing...
[08:21:14] [<unknown>][bcceddc6][ManagementConnection] The client has reconnected.
[08:37:54] [<unknown>][bcceddc6][ManagementConnection] The client has disconnected, will wait for reconnection 3h before disposing...
[08:38:21] [<unknown>][bcceddc6][ManagementConnection] Another client has connected, will shorten the wait for reconnection 5m before disposing...
[08:38:21] [<unknown>][bcceddc6][ManagementConnection] The client has reconnected.
[09:00:17] [<unknown>][bcceddc6][ManagementConnection] The client has disconnected, will wait for reconnection 3h before disposing...
[09:40:48] [<unknown>][bcceddc6][ManagementConnection] Another client has connected, will shorten the wait for reconnection 5m before disposing...
[09:40:48] [<unknown>][bcceddc6][ManagementConnection] The client has reconnected.
[09:57:05] [<unknown>][bcceddc6][ManagementConnection] The client has disconnected, will wait for reconnection 3h before disposing...
[11:28:03] [<unknown>][bcceddc6][ManagementConnection] Another client has connected, will shorten the wait for reconnection 5m before disposing...
[11:28:03] [<unknown>][bcceddc6][ManagementConnection] The client has reconnected.
[11:44:20] [<unknown>][bcceddc6][ManagementConnection] The client has disconnected, will wait for reconnection 3h before disposing...
[12:22:41] [<unknown>][bcceddc6][ManagementConnection] Another client has connected, will shorten the wait for reconnection 5m before disposing...
[12:22:41] [<unknown>][bcceddc6][ManagementConnection] The client has reconnected.
[12:39:34] [<unknown>][bcceddc6][ManagementConnection] The client has disconnected, will wait for reconnection 3h before disposing...
[13:07:38] [<unknown>][bcceddc6][ManagementConnection] Another client has connected, will shorten the wait for reconnection 5m before disposing...
[13:07:38] [<unknown>][bcceddc6][ManagementConnection] The client has reconnected.
[13:24:04] [<unknown>][bcceddc6][ManagementConnection] The client has disconnected, will wait for reconnection 3h before disposing...
[14:05:02] [<unknown>][bcceddc6][ManagementConnection] Another client has connected, will shorten the wait for reconnection 5m before disposing...
[14:05:02] [<unknown>][bcceddc6][ManagementConnection] The client has reconnected.
[14:50:22] [<unknown>][bcceddc6][ManagementConnection] The client has disconnected, will wait for reconnection 3h before disposing...
[14:56:47] [<unknown>][bcceddc6][ManagementConnection] Another client has connected, will shorten the wait for reconnection 5m before disposing...
[14:56:47] [<unknown>][bcceddc6][ManagementConnection] The client has reconnected.
[15:35:13] [<unknown>][bcceddc6][ManagementConnection] The client has disconnected, will wait for reconnection 3h before disposing...
[15:51:05] [<unknown>][bcceddc6][ManagementConnection] Another client has connected, will shorten the wait for reconnection 5m before disposing...
[15:51:05] [<unknown>][bcceddc6][ManagementConnection] The client has reconnected.
[16:06:28] [<unknown>][bcceddc6][ManagementConnection] The client has disconnected gracefully, so the connection will be disposed.
Failed login attempt {"remoteAddress":"69.162.253.43","userAgent":"Mozilla/5.0 (Windows NT 10.0; Win64; x64) AppleWebKit/537.36 (KHTML, like Gecko) Chrome/131.0.0.0 Safari/537.36","timestamp":1736559610}
File not found: /var/app/code-server/lib/vscode/node_modules/vsda/rust/web/vsda_bg.wasm
File not found: /var/app/code-server/lib/vscode/node_modules/vsda/rust/web/vsda.js
[01:40:25] [<unknown>][75e571bc][ManagementConnection] New connection established.
[01:40:27] [<unknown>][b7d60027][ExtensionHostConnection] New connection established.
[01:40:27] [<unknown>][b7d60027][ExtensionHostConnection] <48950> Launched Extension Host Process.
[01:40:31] Getting Manifest... ms-python.python
[01:40:32] Installing extension: ms-python.python {
  productVersion: { version: '1.96.2', date: '2024-12-19T21:23:46.441Z' },
  pinned: false,
  operation: 3,
  isApplicationScoped: false,
  installOnlyNewlyAddedFromExtensionPack: true,
  profileLocation: wr {
    scheme: 'file',
    authority: '',
    path: '/root/.local/share/code-server/extensions/extensions.json',
    query: '',
    fragment: '',
    _formatted: 'file:///root/.local/share/code-server/extensions/extensions.json',
    _fsPath: '/root/.local/share/code-server/extensions/extensions.json'
  }
}
[01:40:37] Could not load vsce-sign module Cannot find package '@vscode/vsce-sign' imported from /var/app/code-server/lib/vscode/out/server-main.js
[01:40:37] Extension signature verification is not done: ms-python.python
[01:40:39] Extracted extension to file:///root/.local/share/code-server/extensions/ms-python.python-2024.23.0-dev-universal: ms-python.python
[01:40:39] Renamed to /root/.local/share/code-server/extensions/ms-python.python-2024.23.0-dev-universal
[01:40:39] Marked extension as uninstalled ms-python.python-2024.22.1-universal
[01:40:39] Extension installed successfully: ms-python.python file:///root/.local/share/code-server/extensions/extensions.json
